<?xml version="1.0" encoding="UTF-8"?>
<!-- Generated by org.testng.reporters.JUnitReportReporter -->
<testsuite hostname="awaiss-MacBook-Air.local" failures="0" tests="4" name="Pro.Tarining.Tech.Students.Selenium" time="0.091" errors="0" timestamp="2024-09-14T19:10:15 PKT" skipped="0">
  <testcase classname="Pro.Tarining.Tech.Students.Selenium" name="f" time="0.056"/>
  <testcase classname="Pro.Tarining.Tech.Students.Selenium" name="second" time="0.019"/>
  <testcase classname="Pro.Tarining.Tech.Students.Selenium" name="f" time="0.007"/>
  <testcase classname="Pro.Tarining.Tech.Students.Selenium" name="second" time="0.009"/>
</testsuite> <!-- Pro.Tarining.Tech.Students.Selenium -->
