<?xml version="1.0" encoding="UTF-8"?>
<!-- Generated by org.testng.reporters.JUnitReportReporter -->
<testsuite hostname="awaiss-MacBook-Air.local" failures="0" tests="2" name="Pro.Tarining.Tech.Students.setupbrowser" time="105.919" errors="0" timestamp="2024-09-06T14:27:01 PKT" skipped="0">
  <testcase classname="Pro.Tarining.Tech.Students.setupbrowser" name="f" time="44.749"/>
  <testcase classname="Pro.Tarining.Tech.Students.setupbrowser" name="keyboard" time="61.170"/>
</testsuite> <!-- Pro.Tarining.Tech.Students.setupbrowser -->
